[ 2021-01-02T12:18:08+08:00 ] 113.142.59.19 /home/run/jnd28/fangjian/a
INFO: [ app_init ] --START--
INFO: Run Behavior\BuildLiteBehavior [ RunTime:0.000000s ]
INFO: [ app_init ] --END-- [ RunTime:0.000000s ]
INFO: [ app_begin ] --START--
INFO: Run Behavior\ReadHtmlCacheBehavior [ RunTime:0.015600s ]
INFO: [ app_begin ] --END-- [ RunTime:0.015600s ]
NOTIC: [8] Undefined index: MCHID D:\www\c11\Application\Common\Common\function.php 第 346 行.
NOTIC: [8] Undefined index: KEY D:\www\c11\Application\Common\Common\function.php 第 347 行.
NOTIC: [8] Undefined variable: timestamp D:\www\c11\Application\Home\Controller\RunController.class.php 第 1492 行.
NOTIC: [8] Undefined variable: noncestr D:\www\c11\Application\Home\Controller\RunController.class.php 第 1492 行.
NOTIC: [8] Undefined variable: appid D:\www\c11\Application\Home\Controller\RunController.class.php 第 1492 行.
NOTIC: [8] Undefined variable: type D:\www\c11\Application\Home\Controller\RunController.class.php 第 1576 行.
INFO: [ view_parse ] --START--
INFO: [ template_filter ] --START--
INFO: Run Behavior\ContentReplaceBehavior [ RunTime:0.000000s ]
INFO: [ template_filter ] --END-- [ RunTime:0.000000s ]
NOTIC: [8] Undefined index: points D:\www\c11\Runtime\Cache\Home\9fe2fabf12a483306c156f7e7306d2a3.php 第 24 行.
NOTIC: [8] Use of undefined constant current - assumed 'current' D:\www\c11\Runtime\Cache\Home\9fe2fabf12a483306c156f7e7306d2a3.php 第 28 行.
NOTIC: [8] Undefined index: nickname D:\www\c11\Runtime\Cache\Home\9fe2fabf12a483306c156f7e7306d2a3.php 第 507 行.
NOTIC: [8] Undefined index: id D:\www\c11\Runtime\Cache\Home\9fe2fabf12a483306c156f7e7306d2a3.php 第 509 行.
NOTIC: [8] Undefined index: id D:\www\c11\Runtime\Cache\Home\9fe2fabf12a483306c156f7e7306d2a3.php 第 611 行.
NOTIC: [8] Undefined index: headimgurl D:\www\c11\Runtime\Cache\Home\9fe2fabf12a483306c156f7e7306d2a3.php 第 630 行.
NOTIC: [8] Undefined index: nickname D:\www\c11\Runtime\Cache\Home\9fe2fabf12a483306c156f7e7306d2a3.php 第 631 行.
NOTIC: [8] Undefined index: id D:\www\c11\Runtime\Cache\Home\9fe2fabf12a483306c156f7e7306d2a3.php 第 657 行.
NOTIC: [8] Undefined index: id D:\www\c11\Runtime\Cache\Home\9fe2fabf12a483306c156f7e7306d2a3.php 第 672 行.
NOTIC: [8] Undefined index: id D:\www\c11\Runtime\Cache\Home\9fe2fabf12a483306c156f7e7306d2a3.php 第 679 行.
INFO: Run Behavior\ParseTemplateBehavior [ RunTime:0.046800s ]
INFO: [ view_parse ] --END-- [ RunTime:0.046800s ]
INFO: [ view_filter ] --START--
INFO: Run Behavior\WriteHtmlCacheBehavior [ RunTime:0.000000s ]
INFO: [ view_filter ] --END-- [ RunTime:0.000000s ]
INFO: [ app_end ] --START--
INFO: Run Behavior\ShowPageTraceBehavior [ RunTime:0.000000s ]
INFO: [ app_end ] --END-- [ RunTime:0.000000s ]

