[ 2025-10-06T06:35:38+08:00 ] 127.0.0.1 /
INFO: [ app_init ] --START--
INFO: Run Behavior\BuildLiteBehavior [ RunTime:0.000006s ]
INFO: [ app_init ] --END-- [ RunTime:0.000037s ]
INFO: [ app_begin ] --START--
INFO: Run Behavior\ReadHtmlCacheBehavior [ RunTime:0.000422s ]
INFO: [ app_begin ] --END-- [ RunTime:0.000443s ]

[ 2025-10-06T06:36:06+08:00 ] 127.0.0.1 /
INFO: [ app_init ] --START--
INFO: Run Behavior\BuildLiteBehavior [ RunTime:0.000007s ]
INFO: [ app_init ] --END-- [ RunTime:0.000038s ]
INFO: [ app_begin ] --START--
INFO: Run Behavior\ReadHtmlCacheBehavior [ RunTime:0.000015s ]
INFO: [ app_begin ] --END-- [ RunTime:0.000028s ]
INFO: [ app_end ] --START--
INFO: Run Behavior\ShowPageTraceBehavior [ RunTime:0.000353s ]
INFO: [ app_end ] --END-- [ RunTime:0.000372s ]

[ 2025-10-06T06:36:25+08:00 ] 127.0.0.1 /
INFO: [ app_init ] --START--
INFO: Run Behavior\BuildLiteBehavior [ RunTime:0.000006s ]
INFO: [ app_init ] --END-- [ RunTime:0.000037s ]
INFO: [ app_begin ] --START--
INFO: Run Behavior\ReadHtmlCacheBehavior [ RunTime:0.000018s ]
INFO: [ app_begin ] --END-- [ RunTime:0.000032s ]
INFO: [ app_end ] --START--
INFO: Run Behavior\ShowPageTraceBehavior [ RunTime:0.000016s ]
INFO: [ app_end ] --END-- [ RunTime:0.000030s ]

[ 2025-10-06T06:36:34+08:00 ] 127.0.0.1 /index.php/Home/Run/index
INFO: [ app_init ] --START--
INFO: Run Behavior\BuildLiteBehavior [ RunTime:0.000006s ]
INFO: [ app_init ] --END-- [ RunTime:0.000038s ]
INFO: [ app_begin ] --START--
INFO: Run Behavior\ReadHtmlCacheBehavior [ RunTime:0.000018s ]
INFO: [ app_begin ] --END-- [ RunTime:0.000034s ]
NOTIC: [2] Undefined array key 0 /home/runner/work/caipiao/caipiao/ThinkPHP/Library/Think/Db/Driver.class.php 第 113 行.
NOTIC: [2] Undefined array key 0 /home/runner/work/caipiao/caipiao/ThinkPHP/Library/Think/Db/Driver.class.php 第 113 行.
NOTIC: [2] Undefined array key 0 /home/runner/work/caipiao/caipiao/ThinkPHP/Library/Think/Db/Driver.class.php 第 113 行.
NOTIC: [2] Undefined array key 0 /home/runner/work/caipiao/caipiao/ThinkPHP/Library/Think/Db/Driver.class.php 第 113 行.
NOTIC: [2] Undefined array key 0 /home/runner/work/caipiao/caipiao/ThinkPHP/Library/Think/Db/Driver.class.php 第 113 行.
NOTIC: [2] Undefined array key 0 /home/runner/work/caipiao/caipiao/ThinkPHP/Library/Think/Db/Driver.class.php 第 113 行.
NOTIC: [2] Undefined array key 0 /home/runner/work/caipiao/caipiao/ThinkPHP/Library/Think/Db/Driver.class.php 第 113 行.
NOTIC: [2] Undefined array key 0 /home/runner/work/caipiao/caipiao/ThinkPHP/Library/Think/Db/Driver.class.php 第 113 行.
NOTIC: [2] Undefined array key 0 /home/runner/work/caipiao/caipiao/ThinkPHP/Library/Think/Db/Driver.class.php 第 113 行.
NOTIC: [2] Undefined array key 0 /home/runner/work/caipiao/caipiao/ThinkPHP/Library/Think/Db/Driver.class.php 第 113 行.
INFO: [ view_parse ] --START--
NOTIC: [8192] Creation of dynamic property Think\Template::$tempVar is deprecated /home/runner/work/caipiao/caipiao/ThinkPHP/Library/Think/Template.class.php 第 415 行.
INFO: [ template_filter ] --START--
INFO: Run Behavior\ContentReplaceBehavior [ RunTime:0.000021s ]
INFO: [ template_filter ] --END-- [ RunTime:0.000040s ]
NOTIC: [2] Trying to access array offset on false /home/runner/work/caipiao/caipiao/Runtime/Cache/Home/57fd128d7b8459481f4f07a16db7b655.php 第 33 行.
INFO: Run Behavior\ParseTemplateBehavior [ RunTime:0.006529s ]
INFO: [ view_parse ] --END-- [ RunTime:0.006552s ]
INFO: [ view_filter ] --START--
INFO: Run Behavior\WriteHtmlCacheBehavior [ RunTime:0.000112s ]
INFO: [ view_filter ] --END-- [ RunTime:0.000127s ]
INFO: [ app_end ] --START--
INFO: Run Behavior\ShowPageTraceBehavior [ RunTime:0.000030s ]
INFO: [ app_end ] --END-- [ RunTime:0.000059s ]

