[ 2025-10-05T22:03:17+00:00 ] ::1 /
NOTIC: [8] date_default_timezone_set(): Timezone ID 'PRC' is invalid /workspaces/caipiao/ThinkPHP/Library/Think/Think.class.php 第 106 行.
INFO: [ app_init ] --START--
INFO: Run Behavior\BuildLiteBehavior [ RunTime:0.000009s ]
INFO: [ app_init ] --END-- [ RunTime:0.000020s ]
ERR: 无法加载模块:Index

[ 2025-10-05T22:03:23+00:00 ] ::1 /index.php
NOTIC: [8] date_default_timezone_set(): Timezone ID 'PRC' is invalid /workspaces/caipiao/ThinkPHP/Library/Think/Think.class.php 第 106 行.
INFO: [ app_init ] --START--
INFO: Run Behavior\BuildLiteBehavior [ RunTime:0.000007s ]
INFO: [ app_init ] --END-- [ RunTime:0.000020s ]
ERR: 无法加载模块:Index

[ 2025-10-05T22:03:58+00:00 ] ::1 /index.php/Admin
NOTIC: [8] date_default_timezone_set(): Timezone ID 'PRC' is invalid /workspaces/caipiao/ThinkPHP/Library/Think/Think.class.php 第 106 行.
INFO: [ app_init ] --START--
INFO: Run Behavior\BuildLiteBehavior [ RunTime:0.000008s ]
INFO: [ app_init ] --END-- [ RunTime:0.000020s ]
ERR: 无法加载模块:Index.php

[ 2025-10-05T22:04:09+00:00 ] ::1 /index.php/Admin/Login
NOTIC: [8] date_default_timezone_set(): Timezone ID 'PRC' is invalid /workspaces/caipiao/ThinkPHP/Library/Think/Think.class.php 第 106 行.
INFO: [ app_init ] --START--
INFO: Run Behavior\BuildLiteBehavior [ RunTime:0.000012s ]
INFO: [ app_init ] --END-- [ RunTime:0.000028s ]
ERR: 无法加载模块:Index.php

[ 2025-10-05T22:04:39+00:00 ] ::1 /phpinfo.php
NOTIC: [8] date_default_timezone_set(): Timezone ID 'PRC' is invalid /workspaces/caipiao/ThinkPHP/Library/Think/Think.class.php 第 106 行.
INFO: [ app_init ] --START--
INFO: Run Behavior\BuildLiteBehavior [ RunTime:0.000014s ]
INFO: [ app_init ] --END-- [ RunTime:0.000035s ]
ERR: 无法加载模块:Phpinfo

[ 2025-10-05T22:14:45+00:00 ] ::1 /phpinfo.php
NOTIC: [8] date_default_timezone_set(): Timezone ID 'PRC' is invalid /workspaces/caipiao/ThinkPHP/Library/Think/Think.class.php 第 106 行.
INFO: [ app_init ] --START--
INFO: Run Behavior\BuildLiteBehavior [ RunTime:0.000004s ]
INFO: [ app_init ] --END-- [ RunTime:0.000014s ]
ERR: 无法加载模块:Phpinfo

[ 2025-10-05T22:14:57+00:00 ] ::1 /phpinfo.php
NOTIC: [8] date_default_timezone_set(): Timezone ID 'PRC' is invalid /workspaces/caipiao/ThinkPHP/Library/Think/Think.class.php 第 106 行.
INFO: [ app_init ] --START--
INFO: Run Behavior\BuildLiteBehavior [ RunTime:0.000005s ]
INFO: [ app_init ] --END-- [ RunTime:0.000016s ]
ERR: 无法加载模块:Phpinfo

